<?xml version="1.0" encoding="UTF-8"?>
<robot generator="Robot 7.2 (Python 3.12.1 on win32)" generated="2025-02-03T10:29:57.911759" rpa="false" schemaversion="5">
<suite id="s1" name="TC4 DELETE Request" source="C:\Users\acer\PycharmProjects\APITestingRobot\TestCases\TC4_DELETE_Request.robot">
<test id="s1-t1" name="Delete_user" line="9">
<kw name="Create Session" owner="RequestsLibrary">
<msg time="2025-02-03T10:29:58.515718" level="INFO">Creating Session using : alias=mysession, url=https://reqres.in, headers={},                     cookies={}, auth=None, timeout=None, proxies=None, verify=False,                     debug=0 </msg>
<arg>mysession</arg>
<arg>${base_url}</arg>
<doc>Create Session: create a HTTP session to a server</doc>
<status status="PASS" start="2025-02-03T10:29:58.515718" elapsed="0.000000"/>
</kw>
<kw name="Delete Request" owner="RequestsLibrary">
<msg time="2025-02-03T10:29:58.516718" level="WARN">Keyword 'RequestsLibrary.Delete Request' is deprecated. Please use `DELETE On Session` instead.</msg>
<msg time="2025-02-03T10:29:58.754732" level="INFO">DELETE Request : url=https://reqres.in/api/users/2 
 path_url=/api/users/2 
 headers={'User-Agent': 'python-requests/2.32.3', 'Accept-Encoding': 'gzip, deflate', 'Accept': '*/*', 'Connection': 'keep-alive', 'Content-Length': '0'} 
 body=None 
 </msg>
<msg time="2025-02-03T10:29:58.754732" level="INFO">DELETE Response : url=https://reqres.in/api/users/2 
 status=204, reason=No Content 
 headers={'Date': 'Mon, 03 Feb 2025 08:29:58 GMT', 'Connection': 'keep-alive', 'Cf-Ray': '90c10e6549af70f8-HEL', 'Server': 'cloudflare', 'Report-To': '{"group":"heroku-nel","max_age":3600,"endpoints":[{"url":"https://nel.heroku.com/reports?ts=1738571398&amp;sid=c4c9725f-1ab0-44d8-820f-430df2718e11&amp;s=HJL69GuD9hWw71h2DTHNZq1VJaKmcxjQcxpLIeET5Vg%3D"}]}', 'Reporting-Endpoints': 'heroku-nel=https://nel.heroku.com/reports?ts=1738571398&amp;sid=c4c9725f-1ab0-44d8-820f-430df2718e11&amp;s=HJL69GuD9hWw71h2DTHNZq1VJaKmcxjQcxpLIeET5Vg%3D', 'Nel': '{"report_to":"heroku-nel","max_age":3600,"success_fraction":0.005,"failure_fraction":0.05,"response_headers":["Via"]}', 'X-Powered-By': 'Express', 'Access-Control-Allow-Origin': '*', 'Etag': 'W/"2-vyGp6PvFo4RvsFtPoIWeCReyIC8"', 'Via': '1.1 vegur', 'Cf-Cache-Status': 'DYNAMIC', 'server-timing': 'cfL4;desc="?proto=TCP&amp;rtt=18083&amp;min_rtt=16137&amp;rtt_var=7441&amp;sent=5&amp;recv=6&amp;lost=0&amp;retrans=0&amp;sent_bytes=2834&amp;recv_bytes=792&amp;delivery_rate=252835&amp;cwnd=252&amp;unsent_bytes=0&amp;cid=1667003ce26289d1&amp;ts=134&amp;x=0"'} 
 body=None 
 </msg>
<msg time="2025-02-03T10:29:58.755746" level="INFO">C:\Users\acer\PycharmProjects\APITestingRobot\.venv\Lib\site-packages\urllib3\connectionpool.py:1097: InsecureRequestWarning: Unverified HTTPS request is being made to host 'reqres.in'. Adding certificate verification is strongly advised. See: https://urllib3.readthedocs.io/en/latest/advanced-usage.html#tls-warnings
  warnings.warn(</msg>
<msg time="2025-02-03T10:29:58.756798" level="INFO">${response} = &lt;Response [204]&gt;</msg>
<var>${response}</var>
<arg>mysession</arg>
<arg>/api/users/${userId}</arg>
<doc>*DEPRECATED* Please use `DELETE On Session` instead.</doc>
<status status="PASS" start="2025-02-03T10:29:58.516718" elapsed="0.240080"/>
</kw>
<kw name="Log To Console" owner="BuiltIn">
<arg>${response.status_code}</arg>
<doc>Logs the given message to the console.</doc>
<status status="PASS" start="2025-02-03T10:29:58.758819" elapsed="0.002918"/>
</kw>
<kw name="Log To Console" owner="BuiltIn">
<arg>${response.content}</arg>
<doc>Logs the given message to the console.</doc>
<status status="PASS" start="2025-02-03T10:29:58.762735" elapsed="0.000985"/>
</kw>
<status status="PASS" start="2025-02-03T10:29:58.514717" elapsed="0.249003"/>
</test>
<status status="PASS" start="2025-02-03T10:29:57.912721" elapsed="0.853031"/>
</suite>
<statistics>
<total>
<stat pass="1" fail="0" skip="0">All Tests</stat>
</total>
<tag>
</tag>
<suite>
<stat name="TC4 DELETE Request" id="s1" pass="1" fail="0" skip="0">TC4 DELETE Request</stat>
</suite>
</statistics>
<errors>
<msg time="2025-02-03T10:29:58.516718" level="WARN">Keyword 'RequestsLibrary.Delete Request' is deprecated. Please use `DELETE On Session` instead.</msg>
</errors>
</robot>
